<?xml version="1.0" encoding="UTF-8"?>
<!-- Generated by org.testng.reporters.JUnitReportReporter -->
<testsuite hostname="NIS-PK604s-MacBook-Pro.local" failures="0" tests="2" name="RestAssured.Linkedin_JavaRestAssuredTraining" time="3.526" errors="0" timestamp="2022-03-01T16:49:55 PKT" skipped="0">
  <testcase classname="RestAssured.Linkedin_JavaRestAssuredTraining" name="createUser" time="2.820"/>
  <system-out/>
  <testcase classname="RestAssured.Linkedin_JavaRestAssuredTraining" name="getUser" time="0.706"/>
  <system-out/>
</testsuite> <!-- RestAssured.Linkedin_JavaRestAssuredTraining -->
