<?xml version="1.0" encoding="UTF-8"?>
<!-- Generated by org.testng.reporters.JUnitReportReporter -->
<testsuite hostname="NIS-PK604s-MacBook-Pro.local" failures="0" tests="1" name="RestAssured.TC001_GET_REQUEST" time="0.368" errors="0" timestamp="2022-02-21T12:54:39 PKT" skipped="0">
  <testcase classname="RestAssured.TC001_GET_REQUEST" name="getWeatherDetails" time="0.368"/>
  <system-out/>
</testsuite> <!-- RestAssured.TC001_GET_REQUEST -->
